{"C:\\Users\\Franco\\rest_api_node_ts_server\\src\\router.ts": {"path":"C:\\Users\\Franco\\rest_api_node_ts_server\\src\\router.ts","statementMap":{"0":{"start":{"line":1,"column":0},"end":{"line":1,"column":32}},"1":{"start":{"line":2,"column":0},"end":{"line":2,"column":47}},"2":{"start":{"line":3,"column":0},"end":{"line":3,"column":129}},"3":{"start":{"line":4,"column":0},"end":{"line":4,"column":48}},"4":{"start":{"line":6,"column":15},"end":{"line":6,"column":23}},"5":{"start":{"line":63,"column":0},"end":{"line":63,"column":null}},"6":{"start":{"line":64,"column":0},"end":{"line":67,"column":null}},"7":{"start":{"line":69,"column":0},"end":{"line":76,"column":null}},"8":{"start":{"line":74,"column":25},"end":{"line":74,"column":34}},"9":{"start":{"line":78,"column":0},"end":{"line":88,"column":null}},"10":{"start":{"line":84,"column":25},"end":{"line":84,"column":34}},"11":{"start":{"line":90,"column":0},"end":{"line":93,"column":null}},"12":{"start":{"line":95,"column":0},"end":{"line":99,"column":null}},"13":{"start":{"line":102,"column":0},"end":{"line":102,"column":null}}},"fnMap":{"0":{"name":"(anonymous_0)","decl":{"start":{"line":74,"column":16},"end":{"line":74,"column":21}},"loc":{"start":{"line":74,"column":25},"end":{"line":74,"column":34}}},"1":{"name":"(anonymous_1)","decl":{"start":{"line":84,"column":16},"end":{"line":84,"column":21}},"loc":{"start":{"line":84,"column":25},"end":{"line":84,"column":34}}}},"branchMap":{},"s":{"0":2,"1":2,"2":2,"3":2,"4":2,"5":2,"6":2,"7":2,"8":4,"9":2,"10":3,"11":2,"12":2,"13":2},"f":{"0":4,"1":3},"b":{}}
,"C:\\Users\\Franco\\rest_api_node_ts_server\\src\\server.ts": {"path":"C:\\Users\\Franco\\rest_api_node_ts_server\\src\\server.ts","statementMap":{"0":{"start":{"line":1,"column":0},"end":{"line":1,"column":30}},"1":{"start":{"line":2,"column":0},"end":{"line":2,"column":30}},"2":{"start":{"line":3,"column":0},"end":{"line":3,"column":29}},"3":{"start":{"line":4,"column":0},"end":{"line":4,"column":27}},"4":{"start":{"line":10,"column":4},"end":{"line":17,"column":5}},"5":{"start":{"line":11,"column":8},"end":{"line":11,"column":null}},"6":{"start":{"line":12,"column":8},"end":{"line":12,"column":null}},"7":{"start":{"line":16,"column":8},"end":{"line":16,"column":null}},"8":{"start":{"line":9,"column":0},"end":{"line":9,"column":7}},"9":{"start":{"line":20,"column":0},"end":{"line":20,"column":null}},"10":{"start":{"line":22,"column":15},"end":{"line":22,"column":24}},"11":{"start":{"line":25,"column":0},"end":{"line":25,"column":null}},"12":{"start":{"line":30,"column":0},"end":{"line":30,"column":null}},"13":{"start":{"line":32,"column":0},"end":{"line":34,"column":null}},"14":{"start":{"line":33,"column":4},"end":{"line":33,"column":null}},"15":{"start":{"line":36,"column":0},"end":{"line":36,"column":null}}},"fnMap":{"0":{"name":"connectDB","decl":{"start":{"line":9,"column":22},"end":{"line":9,"column":31}},"loc":{"start":{"line":9,"column":31},"end":{"line":18,"column":1}}},"1":{"name":"(anonymous_2)","decl":{"start":{"line":32,"column":19},"end":{"line":32,"column":20}},"loc":{"start":{"line":32,"column":31},"end":{"line":34,"column":1}}}},"branchMap":{},"s":{"0":2,"1":2,"2":2,"3":2,"4":3,"5":3,"6":2,"7":1,"8":2,"9":2,"10":2,"11":2,"12":2,"13":2,"14":1,"15":2},"f":{"0":3,"1":1},"b":{}}
,"C:\\Users\\Franco\\rest_api_node_ts_server\\src\\config\\db.ts": {"path":"C:\\Users\\Franco\\rest_api_node_ts_server\\src\\config\\db.ts","statementMap":{"0":{"start":{"line":1,"column":0},"end":{"line":1,"column":47}},"1":{"start":{"line":2,"column":0},"end":{"line":2,"column":27}},"2":{"start":{"line":3,"column":0},"end":{"line":3,"column":null}},"3":{"start":{"line":5,"column":11},"end":{"line":8,"column":2}},"4":{"start":{"line":9,"column":0},"end":{"line":9,"column":null}}},"fnMap":{},"branchMap":{},"s":{"0":2,"1":2,"2":2,"3":2,"4":2},"f":{},"b":{}}
,"C:\\Users\\Franco\\rest_api_node_ts_server\\src\\handlers\\product.ts": {"path":"C:\\Users\\Franco\\rest_api_node_ts_server\\src\\handlers\\product.ts","statementMap":{"0":{"start":{"line":2,"column":0},"end":{"line":2,"column":45}},"1":{"start":{"line":4,"column":27},"end":{"line":12,"column":1}},"2":{"start":{"line":5,"column":21},"end":{"line":10,"column":6}},"3":{"start":{"line":11,"column":4},"end":{"line":11,"column":null}},"4":{"start":{"line":4,"column":13},"end":{"line":4,"column":27}},"5":{"start":{"line":14,"column":30},"end":{"line":25,"column":1}},"6":{"start":{"line":16,"column":19},"end":{"line":16,"column":29}},"7":{"start":{"line":17,"column":20},"end":{"line":17,"column":46}},"8":{"start":{"line":19,"column":4},"end":{"line":23,"column":5}},"9":{"start":{"line":20,"column":8},"end":{"line":22,"column":null}},"10":{"start":{"line":24,"column":4},"end":{"line":24,"column":null}},"11":{"start":{"line":14,"column":13},"end":{"line":14,"column":30}},"12":{"start":{"line":27,"column":29},"end":{"line":52,"column":1}},"13":{"start":{"line":28,"column":4},"end":{"line":28,"column":null}},"14":{"start":{"line":50,"column":20},"end":{"line":50,"column":50}},"15":{"start":{"line":51,"column":4},"end":{"line":51,"column":null}},"16":{"start":{"line":27,"column":13},"end":{"line":27,"column":29}},"17":{"start":{"line":54,"column":29},"end":{"line":73,"column":1}},"18":{"start":{"line":56,"column":4},"end":{"line":56,"column":null}},"19":{"start":{"line":57,"column":19},"end":{"line":57,"column":29}},"20":{"start":{"line":58,"column":20},"end":{"line":58,"column":46}},"21":{"start":{"line":60,"column":4},"end":{"line":64,"column":5}},"22":{"start":{"line":61,"column":8},"end":{"line":63,"column":null}},"23":{"start":{"line":69,"column":4},"end":{"line":69,"column":null}},"24":{"start":{"line":70,"column":4},"end":{"line":70,"column":null}},"25":{"start":{"line":72,"column":4},"end":{"line":72,"column":null}},"26":{"start":{"line":54,"column":13},"end":{"line":54,"column":29}},"27":{"start":{"line":76,"column":4},"end":{"line":95,"column":5}},"28":{"start":{"line":78,"column":8},"end":{"line":78,"column":null}},"29":{"start":{"line":79,"column":23},"end":{"line":79,"column":33}},"30":{"start":{"line":80,"column":24},"end":{"line":80,"column":50}},"31":{"start":{"line":82,"column":8},"end":{"line":86,"column":9}},"32":{"start":{"line":83,"column":12},"end":{"line":85,"column":null}},"33":{"start":{"line":89,"column":8},"end":{"line":89,"column":null}},"34":{"start":{"line":90,"column":8},"end":{"line":90,"column":null}},"35":{"start":{"line":92,"column":8},"end":{"line":92,"column":null}},"36":{"start":{"line":94,"column":8},"end":{"line":94,"column":null}},"37":{"start":{"line":75,"column":13},"end":{"line":75,"column":null}},"38":{"start":{"line":98,"column":4},"end":{"line":113,"column":5}},"39":{"start":{"line":100,"column":8},"end":{"line":100,"column":null}},"40":{"start":{"line":101,"column":23},"end":{"line":101,"column":33}},"41":{"start":{"line":102,"column":24},"end":{"line":102,"column":50}},"42":{"start":{"line":104,"column":8},"end":{"line":108,"column":9}},"43":{"start":{"line":105,"column":12},"end":{"line":107,"column":null}},"44":{"start":{"line":110,"column":8},"end":{"line":110,"column":null}},"45":{"start":{"line":111,"column":8},"end":{"line":111,"column":null}},"46":{"start":{"line":112,"column":8},"end":{"line":112,"column":null}},"47":{"start":{"line":97,"column":13},"end":{"line":97,"column":null}}},"fnMap":{"0":{"name":"(anonymous_1)","decl":{"start":{"line":4,"column":27},"end":{"line":4,"column":32}},"loc":{"start":{"line":4,"column":65},"end":{"line":12,"column":1}}},"1":{"name":"(anonymous_2)","decl":{"start":{"line":14,"column":30},"end":{"line":14,"column":35}},"loc":{"start":{"line":14,"column":68},"end":{"line":25,"column":1}}},"2":{"name":"(anonymous_3)","decl":{"start":{"line":27,"column":29},"end":{"line":27,"column":34}},"loc":{"start":{"line":27,"column":67},"end":{"line":52,"column":1}}},"3":{"name":"(anonymous_4)","decl":{"start":{"line":54,"column":29},"end":{"line":54,"column":34}},"loc":{"start":{"line":54,"column":67},"end":{"line":73,"column":1}}},"4":{"name":"(anonymous_5)","decl":{"start":{"line":76,"column":4},"end":{"line":76,"column":9}},"loc":{"start":{"line":76,"column":42},"end":{"line":95,"column":5}}},"5":{"name":"(anonymous_6)","decl":{"start":{"line":98,"column":4},"end":{"line":98,"column":9}},"loc":{"start":{"line":98,"column":42},"end":{"line":113,"column":5}}}},"branchMap":{"0":{"loc":{"start":{"line":19,"column":4},"end":{"line":23,"column":5}},"type":"if","locations":[{"start":{"line":19,"column":4},"end":{"line":23,"column":5}}]},"1":{"loc":{"start":{"line":60,"column":4},"end":{"line":64,"column":5}},"type":"if","locations":[{"start":{"line":60,"column":4},"end":{"line":64,"column":5}}]},"2":{"loc":{"start":{"line":82,"column":8},"end":{"line":86,"column":9}},"type":"if","locations":[{"start":{"line":82,"column":8},"end":{"line":86,"column":9}}]},"3":{"loc":{"start":{"line":104,"column":8},"end":{"line":108,"column":9}},"type":"if","locations":[{"start":{"line":104,"column":8},"end":{"line":108,"column":9}}]}},"s":{"0":2,"1":2,"2":2,"3":2,"4":2,"5":2,"6":2,"7":2,"8":2,"9":1,"10":1,"11":2,"12":2,"13":1,"14":1,"15":1,"16":2,"17":2,"18":2,"19":2,"20":2,"21":2,"22":1,"23":1,"24":1,"25":1,"26":2,"27":2,"28":2,"29":2,"30":2,"31":2,"32":1,"33":1,"34":1,"35":1,"36":1,"37":2,"38":2,"39":2,"40":2,"41":2,"42":2,"43":1,"44":1,"45":1,"46":1,"47":2},"f":{"0":2,"1":2,"2":1,"3":2,"4":2,"5":2},"b":{"0":[1],"1":[1],"2":[1],"3":[1]}}
,"C:\\Users\\Franco\\rest_api_node_ts_server\\src\\middleware\\index.ts": {"path":"C:\\Users\\Franco\\rest_api_node_ts_server\\src\\middleware\\index.ts","statementMap":{"0":{"start":{"line":2,"column":0},"end":{"line":2,"column":52}},"1":{"start":{"line":5,"column":33},"end":{"line":11,"column":1}},"2":{"start":{"line":6,"column":17},"end":{"line":6,"column":38}},"3":{"start":{"line":7,"column":4},"end":{"line":9,"column":5}},"4":{"start":{"line":8,"column":8},"end":{"line":8,"column":null}},"5":{"start":{"line":10,"column":4},"end":{"line":10,"column":11}},"6":{"start":{"line":5,"column":13},"end":{"line":5,"column":33}}},"fnMap":{"0":{"name":"(anonymous_0)","decl":{"start":{"line":5,"column":33},"end":{"line":5,"column":34}},"loc":{"start":{"line":5,"column":85},"end":{"line":11,"column":1}}}},"branchMap":{"0":{"loc":{"start":{"line":7,"column":4},"end":{"line":9,"column":5}},"type":"if","locations":[{"start":{"line":7,"column":4},"end":{"line":9,"column":5}}]}},"s":{"0":2,"1":2,"2":15,"3":15,"4":6,"5":9,"6":2},"f":{"0":15},"b":{"0":[6]}}
,"C:\\Users\\Franco\\rest_api_node_ts_server\\src\\models\\Product.model.ts": {"path":"C:\\Users\\Franco\\rest_api_node_ts_server\\src\\models\\Product.model.ts","statementMap":{"0":{"start":{"line":1,"column":0},"end":{"line":1,"column":76}},"1":{"start":{"line":7,"column":0},"end":{"line":17,"column":null}},"2":{"start":{"line":9,"column":12},"end":{"line":9,"column":null}},"3":{"start":{"line":12,"column":12},"end":{"line":12,"column":null}},"4":{"start":{"line":16,"column":12},"end":{"line":16,"column":null}},"5":{"start":{"line":7,"column":6},"end":{"line":17,"column":null}},"6":{"start":{"line":19,"column":0},"end":{"line":19,"column":null}}},"fnMap":{},"branchMap":{},"s":{"0":3,"1":3,"2":3,"3":3,"4":3,"5":3,"6":3},"f":{},"b":{}}
}
