TN:
SF:src\router.ts
FN:74,(anonymous_0)
FN:84,(anonymous_1)
FNF:2
FNH:2
FNDA:4,(anonymous_0)
FNDA:3,(anonymous_1)
DA:1,2
DA:2,2
DA:3,2
DA:4,2
DA:6,2
DA:63,2
DA:64,2
DA:69,2
DA:74,4
DA:78,2
DA:84,3
DA:90,2
DA:95,2
DA:102,2
LF:14
LH:14
BRF:0
BRH:0
end_of_record
TN:
SF:src\server.ts
FN:9,connectDB
FN:32,(anonymous_2)
FNF:2
FNH:2
FNDA:3,connectDB
FNDA:1,(anonymous_2)
DA:1,2
DA:2,2
DA:3,2
DA:4,2
DA:9,2
DA:10,3
DA:11,3
DA:12,2
DA:16,1
DA:20,2
DA:22,2
DA:25,2
DA:30,2
DA:32,2
DA:33,1
DA:36,2
LF:16
LH:16
BRF:0
BRH:0
end_of_record
TN:
SF:src\config\db.ts
FNF:0
FNH:0
DA:1,2
DA:2,2
DA:3,2
DA:5,2
DA:9,2
LF:5
LH:5
BRF:0
BRH:0
end_of_record
TN:
SF:src\handlers\product.ts
FN:4,(anonymous_1)
FN:14,(anonymous_2)
FN:27,(anonymous_3)
FN:54,(anonymous_4)
FN:76,(anonymous_5)
FN:98,(anonymous_6)
FNF:6
FNH:6
FNDA:2,(anonymous_1)
FNDA:2,(anonymous_2)
FNDA:1,(anonymous_3)
FNDA:2,(anonymous_4)
FNDA:2,(anonymous_5)
FNDA:2,(anonymous_6)
DA:2,2
DA:4,2
DA:5,2
DA:11,2
DA:14,2
DA:16,2
DA:17,2
DA:19,2
DA:20,1
DA:24,1
DA:27,2
DA:28,1
DA:50,1
DA:51,1
DA:54,2
DA:56,2
DA:57,2
DA:58,2
DA:60,2
DA:61,1
DA:69,1
DA:70,1
DA:72,1
DA:75,2
DA:76,2
DA:78,2
DA:79,2
DA:80,2
DA:82,2
DA:83,1
DA:89,1
DA:90,1
DA:92,1
DA:94,1
DA:97,2
DA:98,2
DA:100,2
DA:101,2
DA:102,2
DA:104,2
DA:105,1
DA:110,1
DA:111,1
DA:112,1
LF:44
LH:44
BRDA:19,0,0,1
BRDA:60,1,0,1
BRDA:82,2,0,1
BRDA:104,3,0,1
BRF:4
BRH:4
end_of_record
TN:
SF:src\middleware\index.ts
FN:5,(anonymous_0)
FNF:1
FNH:1
FNDA:15,(anonymous_0)
DA:2,2
DA:5,2
DA:6,15
DA:7,15
DA:8,6
DA:10,9
LF:6
LH:6
BRDA:7,0,0,6
BRF:1
BRH:1
end_of_record
TN:
SF:src\models\Product.model.ts
FNF:0
FNH:0
DA:1,3
DA:7,3
DA:9,3
DA:12,3
DA:16,3
DA:19,3
LF:6
LH:6
BRF:0
BRH:0
end_of_record
